<?xml version="1.0" encoding="UTF-8"?>
<testng-results ignored="0" total="1" passed="1" failed="0" skipped="0">
  <reporter-output>
  </reporter-output>
  <suite started-at="2023-02-02T01:51:10 WAT" name="Default suite" finished-at="2023-02-02T01:51:44 WAT" duration-ms="34172">
    <groups>
    </groups>
    <test started-at="2023-02-02T01:51:10 WAT" name="Default test" finished-at="2023-02-02T01:51:44 WAT" duration-ms="34172">
      <class name="collinsacademy.SeleniumFrameworkDesign.SignUp">
        <test-method signature="contractRegistration()[pri:0, instance:collinsacademy.SeleniumFrameworkDesign.SignUp@27f981c6]" started-at="2023-02-02T01:51:10 WAT" name="contractRegistration" finished-at="2023-02-02T01:51:44 WAT" duration-ms="34109" status="PASS">
          <reporter-output>
          </reporter-output>
        </test-method> <!-- contractRegistration -->
      </class> <!-- collinsacademy.SeleniumFrameworkDesign.SignUp -->
    </test> <!-- Default test -->
  </suite> <!-- Default suite -->
</testng-results>
